生成启动时间为 2019/6/5 13:48:53。
     1>项目“E:\课程设计\毕设\毕设题目\自动化151_15417133_朱海鹏\代码部分\路径提取\fittingPath\fittingPath\fittingPath.vcxproj”在节点 2 上(Build 个目标)。
     1>ClCompile:
         D:\VS2013\VC\bin\x86_amd64\CL.exe /c /IF:\Opencv3.0\opencv\build\include /IF:\Opencv3.0\opencv\build\include\opencv /IF:\Opencv3.0\opencv\build\include\opencv2 /Zi /nologo /W3 /WX- /sdl /Od /D WIN32 /D _DEBUG /D _CONSOLE /D _LIB /D _MBCS /Gm /EHsc /RTC1 /MDd /GS /fp:precise /Zc:wchar_t /Zc:forScope /Fo"x64\Debug\\" /Fd"x64\Debug\vc120.pdb" /Gd /TP /errorReport:prompt fittingPath.cpp
         fittingPath.cpp
     1>F:\Opencv3.0\opencv\build\include\opencv2/core/mat.hpp(1965): warning C4819: 该文件包含不能在当前代码页(936)中表示的字符。请将该文件保存为 Unicode 格式以防止数据丢失
     1>F:\Opencv3.0\opencv\build\include\opencv2/core/persistence.hpp : warning C4819: 该文件包含不能在当前代码页(936)中表示的字符。请将该文件保存为 Unicode 格式以防止数据丢失
     1>F:\Opencv3.0\opencv\build\include\opencv2/core/utility.hpp : warning C4819: 该文件包含不能在当前代码页(936)中表示的字符。请将该文件保存为 Unicode 格式以防止数据丢失
     1>fittingPath.cpp(13): warning C4305: “初始化”: 从“double”到“float”截断
     1>fittingPath.cpp(14): warning C4305: “初始化”: 从“double”到“float”截断
     1>fittingPath.cpp(71): warning C4267: “初始化”: 从“size_t”转换到“int”，可能丢失数据
     1>fittingPath.cpp(80): warning C4267: “=”: 从“size_t”转换到“int”，可能丢失数据
     1>fittingPath.cpp(84): warning C4267: “=”: 从“size_t”转换到“int”，可能丢失数据
     1>fittingPath.cpp(127): warning C4267: “参数”: 从“size_t”转换到“int”，可能丢失数据
     1>fittingPath.cpp(128): warning C4267: “=”: 从“size_t”转换到“int”，可能丢失数据
     1>fittingPath.cpp(147): warning C4267: “参数”: 从“size_t”转换到“int”，可能丢失数据
     1>fittingPath.cpp(148): warning C4267: “=”: 从“size_t”转换到“int”，可能丢失数据
     1>fittingPath.cpp(163): warning C4267: “参数”: 从“size_t”转换到“int”，可能丢失数据
     1>fittingPath.cpp(164): warning C4267: “=”: 从“size_t”转换到“int”，可能丢失数据
     1>fittingPath.cpp(183): warning C4267: “参数”: 从“size_t”转换到“int”，可能丢失数据
     1>fittingPath.cpp(184): warning C4267: “=”: 从“size_t”转换到“int”，可能丢失数据
     1>fittingPath.cpp(199): warning C4267: “参数”: 从“size_t”转换到“int”，可能丢失数据
     1>fittingPath.cpp(200): warning C4267: “=”: 从“size_t”转换到“int”，可能丢失数据
     1>fittingPath.cpp(223): warning C4267: “参数”: 从“size_t”转换到“int”，可能丢失数据
     1>fittingPath.cpp(224): warning C4267: “=”: 从“size_t”转换到“int”，可能丢失数据
     1>fittingPath.cpp(244): warning C4267: “参数”: 从“size_t”转换到“int”，可能丢失数据
     1>fittingPath.cpp(245): warning C4267: “=”: 从“size_t”转换到“int”，可能丢失数据
     1>fittingPath.cpp(260): warning C4267: “参数”: 从“size_t”转换到“int”，可能丢失数据
     1>fittingPath.cpp(261): warning C4267: “=”: 从“size_t”转换到“int”，可能丢失数据
     1>fittingPath.cpp(280): warning C4267: “参数”: 从“size_t”转换到“int”，可能丢失数据
     1>fittingPath.cpp(281): warning C4267: “=”: 从“size_t”转换到“int”，可能丢失数据
     1>fittingPath.cpp(296): warning C4267: “参数”: 从“size_t”转换到“int”，可能丢失数据
     1>fittingPath.cpp(297): warning C4267: “=”: 从“size_t”转换到“int”，可能丢失数据
     1>fittingPath.cpp(329): warning C4244: “=”: 从“double”转换到“float”，可能丢失数据
     1>fittingPath.cpp(330): warning C4244: “=”: 从“double”转换到“float”，可能丢失数据
     1>fittingPath.cpp(337): warning C4244: “=”: 从“double”转换到“float”，可能丢失数据
     1>fittingPath.cpp(338): warning C4244: “=”: 从“double”转换到“float”，可能丢失数据
       Link:
         D:\VS2013\VC\bin\x86_amd64\link.exe /ERRORREPORT:PROMPT /OUT:"E:\课程设计\毕设\毕设题目\自动化151_15417133_朱海鹏\代码部分\路径提取\fittingPath\x64\Debug\fittingPath.exe" /INCREMENTAL /NOLOGO /LIBPATH:F:\Opencv3.0\opencv\build\x64\vc12\lib /LIBPATH:F:\Opencv3.0\opencv\build\x64\vc12\staticlib opencv_ts300d.lib opencv_world300d.lib IlmImfd.lib libjasperd.lib libjpegd.lib libpngd.lib libtiffd.lib libwebpd.lib opencv_calib3d300d.lib opencv_core300d.lib opencv_features2d300d.lib opencv_flann300d.lib opencv_highgui300d.lib opencv_imgcodecs300d.lib opencv_imgproc300d.lib opencv_ml300d.lib opencv_objdetect300d.lib opencv_photo300d.lib opencv_shape300d.lib opencv_stitching300d.lib opencv_superres300d.lib opencv_video300d.lib opencv_videoio300d.lib opencv_videostab300d.lib zlibd.lib opencv_ts300.lib opencv_world300.lib IlmImf.lib libjasper.lib libjpeg.lib libpng.lib libtiff.lib libwebp.lib opencv_calib3d300.lib opencv_core300.lib opencv_features2d300.lib opencv_flann300.lib opencv_highgui300.lib opencv_imgcodecs300.lib opencv_imgproc300.lib opencv_ml300.lib opencv_objdetect300.lib opencv_photo300.lib opencv_shape300.lib opencv_stitching300.lib opencv_superres300.lib opencv_video300.lib opencv_videoio300.lib opencv_videostab300.lib zlib.lib kernel32.lib user32.lib gdi32.lib winspool.lib comdlg32.lib advapi32.lib shell32.lib ole32.lib oleaut32.lib uuid.lib odbc32.lib odbccp32.lib /MANIFEST /MANIFESTUAC:"level='asInvoker' uiAccess='false'" /manifest:embed /DEBUG /PDB:"E:\课程设计\毕设\毕设题目\自动化151_15417133_朱海鹏\代码部分\路径提取\fittingPath\x64\Debug\fittingPath.pdb" /SUBSYSTEM:CONSOLE /TLBID:1 /DYNAMICBASE /NXCOMPAT /IMPLIB:"E:\课程设计\毕设\毕设题目\自动化151_15417133_朱海鹏\代码部分\路径提取\fittingPath\x64\Debug\fittingPath.lib" /MACHINE:X64 x64\Debug\fittingPath.obj
         fittingPath.vcxproj -> E:\课程设计\毕设\毕设题目\自动化151_15417133_朱海鹏\代码部分\路径提取\fittingPath\x64\Debug\fittingPath.exe
     1>已完成生成项目“E:\课程设计\毕设\毕设题目\自动化151_15417133_朱海鹏\代码部分\路径提取\fittingPath\fittingPath\fittingPath.vcxproj”(Build 个目标)的操作。

生成成功。

已用时间 00:00:06.84
